<?xml version="1.0" encoding="UTF-8"?>
<testng-results ignored="0" total="1" passed="1" failed="0" skipped="0">
  <reporter-output>
  </reporter-output>
  <suite started-at="2024-02-22T00:57:12 BDT" name="Default suite" finished-at="2024-02-22T00:57:35 BDT" duration-ms="23251">
    <groups>
    </groups>
    <test started-at="2024-02-22T00:57:12 BDT" name="Default test" finished-at="2024-02-22T00:57:35 BDT" duration-ms="23251">
      <class name="TestCase.TC001_Inventory_Management_system">
        <test-method is-config="true" signature="setup()[pri:0, instance:TestCase.TC001_Inventory_Management_system@4b013c76]" started-at="2024-02-22T00:57:09 BDT" name="setup" finished-at="2024-02-22T00:57:12 BDT" duration-ms="3386" status="PASS">
          <reporter-output>
          </reporter-output>
        </test-method> <!-- setup -->
        <test-method signature="Inventory()[pri:0, instance:TestCase.TC001_Inventory_Management_system@4b013c76]" started-at="2024-02-22T00:57:12 BDT" name="Inventory" finished-at="2024-02-22T00:57:35 BDT" duration-ms="23186" status="PASS">
          <reporter-output>
          </reporter-output>
        </test-method> <!-- Inventory -->
        <test-method is-config="true" signature="teardown()[pri:0, instance:TestCase.TC001_Inventory_Management_system@4b013c76]" started-at="2024-02-22T00:57:35 BDT" name="teardown" finished-at="2024-02-22T00:57:36 BDT" duration-ms="160" status="PASS">
          <reporter-output>
          </reporter-output>
        </test-method> <!-- teardown -->
      </class> <!-- TestCase.TC001_Inventory_Management_system -->
    </test> <!-- Default test -->
  </suite> <!-- Default suite -->
</testng-results>
